# JRE version: OpenJDK Runtime Environment Temurin-17.0.6+10 (17.0.6+10) (build 17.0.6+10)
# Java VM: OpenJDK 64-Bit Server VM Temurin-17.0.6+10 (17.0.6+10, mixed mode, tiered, compressed oops, compressed class ptrs, parallel gc, windows-amd64)
GC Precious Log:
 CPUs: 8 total, 8 available
 Memory: 7968M
 Large Page Support: Disabled
 NUMA Support: Disabled
 Compressed Oops: Enabled (32-bit)
 Alignments: Space 512K, Generation 512K, Heap 2M
 Heap Min Capacity: 100M
 Heap Initial Capacity: 100M
 Heap Max Capacity: 1G
 Pre-touch: Disabled
 Parallel Workers: 8
Heap:
 PSYoungGen      total 3072K, used 3008K [0x00000000eab00000, 0x00000000eb000000, 0x0000000100000000)
  eden space 2048K, 100% used [0x00000000eab00000,0x00000000ead00000,0x00000000ead00000)
  from space 1024K, 93% used [0x00000000ead00000,0x00000000eadf0000,0x00000000eae00000)
  to   space 1536K, 58% used [0x00000000eae80000,0x00000000eaf60000,0x00000000eb000000)
 ParOldGen       total 567296K, used 543716K [0x00000000c0000000, 0x00000000e2a00000, 0x00000000eab00000)
  object space 567296K, 95% used [0x00000000c0000000,0x00000000e12f9380,0x00000000e2a00000)
 Metaspace       used 79688K, committed 80832K, reserved 1122304K
  class space    used 7915K, committed 8448K, reserved 1048576K
GC Heap History (20 events):
Event: 669.014 GC heap after
{Heap after GC invocations=1743 (full 51):
 PSYoungGen      total 3584K, used 688K [0x00000000eab00000, 0x00000000eaf80000, 0x0000000100000000)
  eden space 2560K, 0% used [0x00000000eab00000,0x00000000eab00000,0x00000000ead80000)
  from space 1024K, 67% used [0x00000000eae80000,0x00000000eaf2c010,0x00000000eaf80000)
  to   space 1024K, 0% used [0x00000000ead80000,0x00000000ead80000,0x00000000eae80000)
 ParOldGen       total 151040K, used 123574K [0x00000000c0000000, 0x00000000c9380000, 0x00000000eab00000)
  object space 151040K, 81% used [0x00000000c0000000,0x00000000c78ad990,0x00000000c9380000)
 Metaspace       used 79688K, committed 80832K, reserved 1122304K
  class space    used 7915K, committed 8448K, reserved 1048576K
}
Event: 669.307 GC heap before
{Heap before GC invocations=1744 (full 51):
 PSYoungGen      total 3584K, used 3248K [0x00000000eab00000, 0x00000000eaf80000, 0x0000000100000000)
  eden space 2560K, 100% used [0x00000000eab00000,0x00000000ead80000,0x00000000ead80000)
  from space 1024K, 67% used [0x00000000eae80000,0x00000000eaf2c010,0x00000000eaf80000)
  to   space 1024K, 0% used [0x00000000ead80000,0x00000000ead80000,0x00000000eae80000)
 ParOldGen       total 151040K, used 123574K [0x00000000c0000000, 0x00000000c9380000, 0x00000000eab00000)
  object space 151040K, 81% used [0x00000000c0000000,0x00000000c78ad990,0x00000000c9380000)
 Metaspace       used 79688K, committed 80832K, reserved 1122304K
  class space    used 7915K, committed 8448K, reserved 1048576K
}
Event: 669.309 GC heap after
{Heap after GC invocations=1744 (full 51):
 PSYoungGen      total 3584K, used 256K [0x00000000eab00000, 0x00000000eaf00000, 0x0000000100000000)
  eden space 2560K, 0% used [0x00000000eab00000,0x00000000eab00000,0x00000000ead80000)
  from space 1024K, 25% used [0x00000000ead80000,0x00000000eadc0000,0x00000000eae80000)
  to   space 512K, 0% used [0x00000000eae80000,0x00000000eae80000,0x00000000eaf00000)
 ParOldGen       total 151040K, used 124117K [0x00000000c0000000, 0x00000000c9380000, 0x00000000eab00000)
  object space 151040K, 82% used [0x00000000c0000000,0x00000000c7935628,0x00000000c9380000)
 Metaspace       used 79688K, committed 80832K, reserved 1122304K
  class space    used 7915K, committed 8448K, reserved 1048576K
}
Event: 669.423 GC heap before
{Heap before GC invocations=1745 (full 51):
 PSYoungGen      total 3584K, used 2804K [0x00000000eab00000, 0x00000000eaf00000, 0x0000000100000000)
  eden space 2560K, 99% used [0x00000000eab00000,0x00000000ead7d038,0x00000000ead80000)
  from space 1024K, 25% used [0x00000000ead80000,0x00000000eadc0000,0x00000000eae80000)
  to   space 512K, 0% used [0x00000000eae80000,0x00000000eae80000,0x00000000eaf00000)
 ParOldGen       total 151040K, used 124117K [0x00000000c0000000, 0x00000000c9380000, 0x00000000eab00000)
  object space 151040K, 82% used [0x00000000c0000000,0x00000000c7935628,0x00000000c9380000)
 Metaspace       used 79688K, committed 80832K, reserved 1122304K
  class space    used 7915K, committed 8448K, reserved 1048576K
}
Event: 669.425 GC heap after
{Heap after GC invocations=1745 (full 51):
 PSYoungGen      total 2560K, used 512K [0x00000000eab00000, 0x00000000eb080000, 0x0000000100000000)
  eden space 2048K, 0% used [0x00000000eab00000,0x00000000eab00000,0x00000000ead00000)
  from space 512K, 100% used [0x00000000eae80000,0x00000000eaf00000,0x00000000eaf00000)
  to   space 1536K, 0% used [0x00000000ead00000,0x00000000ead00000,0x00000000eae80000)
 ParOldGen       total 151040K, used 124594K [0x00000000c0000000, 0x00000000c9380000, 0x00000000eab00000)
  object space 151040K, 82% used [0x00000000c0000000,0x00000000c79acac8,0x00000000c9380000)
 Metaspace       used 79688K, committed 80832K, reserved 1122304K
  class space    used 7915K, committed 8448K, reserved 1048576K
}
Event: 669.735 GC heap before
{Heap before GC invocations=1746 (full 51):
 PSYoungGen      total 2560K, used 2560K [0x00000000eab00000, 0x00000000eb080000, 0x0000000100000000)
  eden space 2048K, 100% used [0x00000000eab00000,0x00000000ead00000,0x00000000ead00000)
  from space 512K, 100% used [0x00000000eae80000,0x00000000eaf00000,0x00000000eaf00000)
  to   space 1536K, 0% used [0x00000000ead00000,0x00000000ead00000,0x00000000eae80000)
 ParOldGen       total 151040K, used 124594K [0x00000000c0000000, 0x00000000c9380000, 0x00000000eab00000)
  object space 151040K, 82% used [0x00000000c0000000,0x00000000c79acac8,0x00000000c9380000)
 Metaspace       used 79688K, committed 80832K, reserved 1122304K
  class space    used 7915K, committed 8448K, reserved 1048576K
}
Event: 669.738 GC heap after
{Heap after GC invocations=1746 (full 51):
 PSYoungGen      total 2560K, used 464K [0x00000000eab00000, 0x00000000eaf00000, 0x0000000100000000)
  eden space 2048K, 0% used [0x00000000eab00000,0x00000000eab00000,0x00000000ead00000)
  from space 512K, 90% used [0x00000000ead00000,0x00000000ead74010,0x00000000ead80000)
  to   space 1024K, 0% used [0x00000000eae00000,0x00000000eae00000,0x00000000eaf00000)
 ParOldGen       total 151040K, used 125122K [0x00000000c0000000, 0x00000000c9380000, 0x00000000eab00000)
  object space 151040K, 82% used [0x00000000c0000000,0x00000000c7a30ac8,0x00000000c9380000)
 Metaspace       used 79688K, committed 80832K, reserved 1122304K
  class space    used 7915K, committed 8448K, reserved 1048576K
}
Event: 669.958 GC heap before
{Heap before GC invocations=1747 (full 51):
 PSYoungGen      total 2560K, used 2512K [0x00000000eab00000, 0x00000000eaf00000, 0x0000000100000000)
  eden space 2048K, 100% used [0x00000000eab00000,0x00000000ead00000,0x00000000ead00000)
  from space 512K, 90% used [0x00000000ead00000,0x00000000ead74010,0x00000000ead80000)
  to   space 1024K, 0% used [0x00000000eae00000,0x00000000eae00000,0x00000000eaf00000)
 ParOldGen       total 151040K, used 125122K [0x00000000c0000000, 0x00000000c9380000, 0x00000000eab00000)
  object space 151040K, 82% used [0x00000000c0000000,0x00000000c7a30ac8,0x00000000c9380000)
 Metaspace       used 79688K, committed 80832K, reserved 1122304K
  class space    used 7915K, committed 8448K, reserved 1048576K
}
Event: 669.960 GC heap after
{Heap after GC invocations=1747 (full 51):
 PSYoungGen      total 3072K, used 704K [0x00000000eab00000, 0x00000000eaf00000, 0x0000000100000000)
  eden space 2048K, 0% used [0x00000000eab00000,0x00000000eab00000,0x00000000ead00000)
  from space 1024K, 68% used [0x00000000eae00000,0x00000000eaeb0000,0x00000000eaf00000)
  to   space 1024K, 0% used [0x00000000ead00000,0x00000000ead00000,0x00000000eae00000)
 ParOldGen       total 151040K, used 125431K [0x00000000c0000000, 0x00000000c9380000, 0x00000000eab00000)
  object space 151040K, 83% used [0x00000000c0000000,0x00000000c7a7df68,0x00000000c9380000)
 Metaspace       used 79688K, committed 80832K, reserved 1122304K
  class space    used 7915K, committed 8448K, reserved 1048576K
}
Event: 669.976 GC heap before
{Heap before GC invocations=1748 (full 51):
 PSYoungGen      total 3072K, used 2752K [0x00000000eab00000, 0x00000000eaf00000, 0x0000000100000000)
  eden space 2048K, 100% used [0x00000000eab00000,0x00000000ead00000,0x00000000ead00000)
  from space 1024K, 68% used [0x00000000eae00000,0x00000000eaeb0000,0x00000000eaf00000)
  to   space 1024K, 0% used [0x00000000ead00000,0x00000000ead00000,0x00000000eae00000)
 ParOldGen       total 151040K, used 125431K [0x00000000c0000000, 0x00000000c9380000, 0x00000000eab00000)
  object space 151040K, 83% used [0x00000000c0000000,0x00000000c7a7df68,0x00000000c9380000)
 Metaspace       used 79688K, committed 80832K, reserved 1122304K
  class space    used 7915K, committed 8448K, reserved 1048576K
}
Event: 669.978 GC heap after
{Heap after GC invocations=1748 (full 51):
 PSYoungGen      total 3072K, used 976K [0x00000000eab00000, 0x00000000eb000000, 0x0000000100000000)
  eden space 2048K, 0% used [0x00000000eab00000,0x00000000eab00000,0x00000000ead00000)
  from space 1024K, 95% used [0x00000000ead00000,0x00000000eadf4010,0x00000000eae00000)
  to   space 1536K, 0% used [0x00000000eae80000,0x00000000eae80000,0x00000000eb000000)
 ParOldGen       total 151040K, used 125431K [0x00000000c0000000, 0x00000000c9380000, 0x00000000eab00000)
  object space 151040K, 83% used [0x00000000c0000000,0x00000000c7a7df68,0x00000000c9380000)
 Metaspace       used 79688K, committed 80832K, reserved 1122304K
  class space    used 7915K, committed 8448K, reserved 1048576K
}
Event: 670.030 GC heap before
{Heap before GC invocations=1749 (full 51):
 PSYoungGen      total 3072K, used 3024K [0x00000000eab00000, 0x00000000eb000000, 0x0000000100000000)
  eden space 2048K, 99% used [0x00000000eab00000,0x00000000eacffff0,0x00000000ead00000)
  from space 1024K, 95% used [0x00000000ead00000,0x00000000eadf4010,0x00000000eae00000)
  to   space 1536K, 0% used [0x00000000eae80000,0x00000000eae80000,0x00000000eb000000)
 ParOldGen       total 151040K, used 125431K [0x00000000c0000000, 0x00000000c9380000, 0x00000000eab00000)
  object space 151040K, 83% used [0x00000000c0000000,0x00000000c7a7df68,0x00000000c9380000)
 Metaspace       used 79688K, committed 80832K, reserved 1122304K
  class space    used 7915K, committed 8448K, reserved 1048576K
}
Event: 670.033 GC heap after
{Heap after GC invocations=1749 (full 51):
 PSYoungGen      total 3072K, used 656K [0x00000000eab00000, 0x00000000eaf80000, 0x0000000100000000)
  eden space 2048K, 0% used [0x00000000eab00000,0x00000000eab00000,0x00000000ead00000)
  from space 1024K, 64% used [0x00000000eae80000,0x00000000eaf24010,0x00000000eaf80000)
  to   space 1024K, 0% used [0x00000000ead00000,0x00000000ead00000,0x00000000eae00000)
 ParOldGen       total 151040K, used 125999K [0x00000000c0000000, 0x00000000c9380000, 0x00000000eab00000)
  object space 151040K, 83% used [0x00000000c0000000,0x00000000c7b0bf88,0x00000000c9380000)
 Metaspace       used 79688K, committed 80832K, reserved 1122304K
  class space    used 7915K, committed 8448K, reserved 1048576K
}
Event: 670.049 GC heap before
{Heap before GC invocations=1750 (full 51):
 PSYoungGen      total 3072K, used 2704K [0x00000000eab00000, 0x00000000eaf80000, 0x0000000100000000)
  eden space 2048K, 100% used [0x00000000eab00000,0x00000000ead00000,0x00000000ead00000)
  from space 1024K, 64% used [0x00000000eae80000,0x00000000eaf24010,0x00000000eaf80000)
  to   space 1024K, 0% used [0x00000000ead00000,0x00000000ead00000,0x00000000eae00000)
 ParOldGen       total 151040K, used 125999K [0x00000000c0000000, 0x00000000c9380000, 0x00000000eab00000)
  object space 151040K, 83% used [0x00000000c0000000,0x00000000c7b0bf88,0x00000000c9380000)
 Metaspace       used 79688K, committed 80832K, reserved 1122304K
  class space    used 7915K, committed 8448K, reserved 1048576K
}
Event: 670.051 GC heap after
{Heap after GC invocations=1750 (full 51):
 PSYoungGen      total 3072K, used 864K [0x00000000eab00000, 0x00000000eaf00000, 0x0000000100000000)
  eden space 2048K, 0% used [0x00000000eab00000,0x00000000eab00000,0x00000000ead00000)
  from space 1024K, 84% used [0x00000000ead00000,0x00000000eadd8000,0x00000000eae00000)
  to   space 1024K, 0% used [0x00000000eae00000,0x00000000eae00000,0x00000000eaf00000)
 ParOldGen       total 151040K, used 125999K [0x00000000c0000000, 0x00000000c9380000, 0x00000000eab00000)
  object space 151040K, 83% used [0x00000000c0000000,0x00000000c7b0bf88,0x00000000c9380000)
 Metaspace       used 79688K, committed 80832K, reserved 1122304K
  class space    used 7915K, committed 8448K, reserved 1048576K
}
Event: 670.069 GC heap before
{Heap before GC invocations=1751 (full 51):
 PSYoungGen      total 3072K, used 2912K [0x00000000eab00000, 0x00000000eaf00000, 0x0000000100000000)
  eden space 2048K, 100% used [0x00000000eab00000,0x00000000ead00000,0x00000000ead00000)
  from space 1024K, 84% used [0x00000000ead00000,0x00000000eadd8000,0x00000000eae00000)
  to   space 1024K, 0% used [0x00000000eae00000,0x00000000eae00000,0x00000000eaf00000)
 ParOldGen       total 151040K, used 125999K [0x00000000c0000000, 0x00000000c9380000, 0x00000000eab00000)
  object space 151040K, 83% used [0x00000000c0000000,0x00000000c7b0bf88,0x00000000c9380000)
 Metaspace       used 79688K, committed 80832K, reserved 1122304K
  class space    used 7915K, committed 8448K, reserved 1048576K
}
Event: 670.071 GC heap after
{Heap after GC invocations=1751 (full 51):
 PSYoungGen      total 3072K, used 352K [0x00000000eab00000, 0x00000000eaf00000, 0x0000000100000000)
  eden space 2048K, 0% used [0x00000000eab00000,0x00000000eab00000,0x00000000ead00000)
  from space 1024K, 34% used [0x00000000eae00000,0x00000000eae58000,0x00000000eaf00000)
  to   space 1024K, 0% used [0x00000000ead00000,0x00000000ead00000,0x00000000eae00000)
 ParOldGen       total 151040K, used 126517K [0x00000000c0000000, 0x00000000c9380000, 0x00000000eab00000)
  object space 151040K, 83% used [0x00000000c0000000,0x00000000c7b8d428,0x00000000c9380000)
 Metaspace       used 79688K, committed 80832K, reserved 1122304K
  class space    used 7915K, committed 8448K, reserved 1048576K
}
Event: 670.089 GC heap before
{Heap before GC invocations=1752 (full 51):
 PSYoungGen      total 3072K, used 2400K [0x00000000eab00000, 0x00000000eaf00000, 0x0000000100000000)
  eden space 2048K, 100% used [0x00000000eab00000,0x00000000ead00000,0x00000000ead00000)
  from space 1024K, 34% used [0x00000000eae00000,0x00000000eae58000,0x00000000eaf00000)
  to   space 1024K, 0% used [0x00000000ead00000,0x00000000ead00000,0x00000000eae00000)
 ParOldGen       total 151040K, used 126517K [0x00000000c0000000, 0x00000000c9380000, 0x00000000eab00000)
  object space 151040K, 83% used [0x00000000c0000000,0x00000000c7b8d428,0x00000000c9380000)
 Metaspace       used 79688K, committed 80832K, reserved 1122304K
  class space    used 7915K, committed 8448K, reserved 1048576K
}
Event: 670.091 GC heap after
{Heap after GC invocations=1752 (full 51):
 PSYoungGen      total 3072K, used 960K [0x00000000eab00000, 0x00000000eb000000, 0x0000000100000000)
  eden space 2048K, 0% used [0x00000000eab00000,0x00000000eab00000,0x00000000ead00000)
  from space 1024K, 93% used [0x00000000ead00000,0x00000000eadf0000,0x00000000eae00000)
  to   space 1536K, 0% used [0x00000000eae80000,0x00000000eae80000,0x00000000eb000000)
 ParOldGen       total 151040K, used 126771K [0x00000000c0000000, 0x00000000c9380000, 0x00000000eab00000)
  object space 151040K, 83% used [0x00000000c0000000,0x00000000c7bcce88,0x00000000c9380000)
 Metaspace       used 79688K, committed 80832K, reserved 1122304K
  class space    used 7915K, committed 8448K, reserved 1048576K
}
Event: 670.107 GC heap before
{Heap before GC invocations=1753 (full 51):
 PSYoungGen      total 3072K, used 3008K [0x00000000eab00000, 0x00000000eb000000, 0x0000000100000000)
  eden space 2048K, 100% used [0x00000000eab00000,0x00000000ead00000,0x00000000ead00000)
  from space 1024K, 93% used [0x00000000ead00000,0x00000000eadf0000,0x00000000eae00000)
  to   space 1536K, 0% used [0x00000000eae80000,0x00000000eae80000,0x00000000eb000000)
 ParOldGen       total 151040K, used 126771K [0x00000000c0000000, 0x00000000c9380000, 0x00000000eab00000)
  object space 151040K, 83% used [0x00000000c0000000,0x00000000c7bcce88,0x00000000c9380000)
 Metaspace       used 79688K, committed 80832K, reserved 1122304K
  class space    used 7915K, committed 8448K, reserved 1048576K
}

