# JRE version: OpenJDK Runtime Environment Temurin-17.0.6+10 (17.0.6+10) (build 17.0.6+10)
# Java VM: OpenJDK 64-Bit Server VM Temurin-17.0.6+10 (17.0.6+10, mixed mode, tiered, compressed oops, compressed class ptrs, parallel gc, windows-amd64)
GC Precious Log:
 CPUs: 8 total, 8 available
 Memory: 7968M
 Large Page Support: Disabled
 NUMA Support: Disabled
 Compressed Oops: Enabled (32-bit)
 Alignments: Space 512K, Generation 512K, Heap 2M
 Heap Min Capacity: 100M
 Heap Initial Capacity: 100M
 Heap Max Capacity: 1G
 Pre-touch: Disabled
 Parallel Workers: 8
Heap:
 PSYoungGen      total 4096K, used 2633K [0x00000000eab00000, 0x00000000eb000000, 0x0000000100000000)
  eden space 3072K, 63% used [0x00000000eab00000,0x00000000eace8a70,0x00000000eae00000)
  from space 1024K, 66% used [0x00000000eaf00000,0x00000000eafa9aa0,0x00000000eb000000)
  to   space 1024K, 0% used [0x00000000eae00000,0x00000000eae00000,0x00000000eaf00000)
 ParOldGen       total 148992K, used 113750K [0x00000000c0000000, 0x00000000c9180000, 0x00000000eab00000)
  object space 148992K, 76% used [0x00000000c0000000,0x00000000c6f158c0,0x00000000c9180000)
 Metaspace       used 78333K, committed 79424K, reserved 1122304K
  class space    used 7855K, committed 8320K, reserved 1048576K
GC Heap History (20 events):
Event: 1161.426 GC heap before
{Heap before GC invocations=1354 (full 28):
 PSYoungGen      total 2560K, used 2272K [0x00000000eab00000, 0x00000000eaf00000, 0x0000000100000000)
  eden space 2048K, 100% used [0x00000000eab00000,0x00000000ead00000,0x00000000ead00000)
  from space 512K, 43% used [0x00000000eae80000,0x00000000eaeb8000,0x00000000eaf00000)
  to   space 1024K, 0% used [0x00000000ead00000,0x00000000ead00000,0x00000000eae00000)
 ParOldGen       total 148992K, used 105575K [0x00000000c0000000, 0x00000000c9180000, 0x00000000eab00000)
  object space 148992K, 70% used [0x00000000c0000000,0x00000000c6719dd8,0x00000000c9180000)
 Metaspace       used 78273K, committed 79360K, reserved 1122304K
  class space    used 7845K, committed 8320K, reserved 1048576K
}
Event: 1161.428 GC heap after
{Heap after GC invocations=1354 (full 28):
 PSYoungGen      total 3072K, used 752K [0x00000000eab00000, 0x00000000eaf80000, 0x0000000100000000)
  eden space 2048K, 0% used [0x00000000eab00000,0x00000000eab00000,0x00000000ead00000)
  from space 1024K, 73% used [0x00000000ead00000,0x00000000eadbc010,0x00000000eae00000)
  to   space 1024K, 0% used [0x00000000eae80000,0x00000000eae80000,0x00000000eaf80000)
 ParOldGen       total 148992K, used 105684K [0x00000000c0000000, 0x00000000c9180000, 0x00000000eab00000)
  object space 148992K, 70% used [0x00000000c0000000,0x00000000c6735278,0x00000000c9180000)
 Metaspace       used 78273K, committed 79360K, reserved 1122304K
  class space    used 7845K, committed 8320K, reserved 1048576K
}
Event: 1161.445 GC heap before
{Heap before GC invocations=1355 (full 28):
 PSYoungGen      total 3072K, used 2800K [0x00000000eab00000, 0x00000000eaf80000, 0x0000000100000000)
  eden space 2048K, 100% used [0x00000000eab00000,0x00000000ead00000,0x00000000ead00000)
  from space 1024K, 73% used [0x00000000ead00000,0x00000000eadbc010,0x00000000eae00000)
  to   space 1024K, 0% used [0x00000000eae80000,0x00000000eae80000,0x00000000eaf80000)
 ParOldGen       total 148992K, used 105684K [0x00000000c0000000, 0x00000000c9180000, 0x00000000eab00000)
  object space 148992K, 70% used [0x00000000c0000000,0x00000000c6735278,0x00000000c9180000)
 Metaspace       used 78273K, committed 79360K, reserved 1122304K
  class space    used 7845K, committed 8320K, reserved 1048576K
}
Event: 1161.447 GC heap after
{Heap after GC invocations=1355 (full 28):
 PSYoungGen      total 3584K, used 864K [0x00000000eab00000, 0x00000000eaf80000, 0x0000000100000000)
  eden space 2560K, 0% used [0x00000000eab00000,0x00000000eab00000,0x00000000ead80000)
  from space 1024K, 84% used [0x00000000eae80000,0x00000000eaf58000,0x00000000eaf80000)
  to   space 1024K, 0% used [0x00000000ead80000,0x00000000ead80000,0x00000000eae80000)
 ParOldGen       total 148992K, used 106345K [0x00000000c0000000, 0x00000000c9180000, 0x00000000eab00000)
  object space 148992K, 71% used [0x00000000c0000000,0x00000000c67da718,0x00000000c9180000)
 Metaspace       used 78273K, committed 79360K, reserved 1122304K
  class space    used 7845K, committed 8320K, reserved 1048576K
}
Event: 1168.844 GC heap before
{Heap before GC invocations=1356 (full 28):
 PSYoungGen      total 3584K, used 3424K [0x00000000eab00000, 0x00000000eaf80000, 0x0000000100000000)
  eden space 2560K, 100% used [0x00000000eab00000,0x00000000ead80000,0x00000000ead80000)
  from space 1024K, 84% used [0x00000000eae80000,0x00000000eaf58000,0x00000000eaf80000)
  to   space 1024K, 0% used [0x00000000ead80000,0x00000000ead80000,0x00000000eae80000)
 ParOldGen       total 148992K, used 106345K [0x00000000c0000000, 0x00000000c9180000, 0x00000000eab00000)
  object space 148992K, 71% used [0x00000000c0000000,0x00000000c67da718,0x00000000c9180000)
 Metaspace       used 78273K, committed 79360K, reserved 1122304K
  class space    used 7845K, committed 8320K, reserved 1048576K
}
Event: 1168.846 GC heap after
{Heap after GC invocations=1356 (full 28):
 PSYoungGen      total 3584K, used 480K [0x00000000eab00000, 0x00000000eb000000, 0x0000000100000000)
  eden space 2560K, 0% used [0x00000000eab00000,0x00000000eab00000,0x00000000ead80000)
  from space 1024K, 46% used [0x00000000ead80000,0x00000000eadf8000,0x00000000eae80000)
  to   space 1024K, 0% used [0x00000000eaf00000,0x00000000eaf00000,0x00000000eb000000)
 ParOldGen       total 148992K, used 107050K [0x00000000c0000000, 0x00000000c9180000, 0x00000000eab00000)
  object space 148992K, 71% used [0x00000000c0000000,0x00000000c688abc8,0x00000000c9180000)
 Metaspace       used 78273K, committed 79360K, reserved 1122304K
  class space    used 7845K, committed 8320K, reserved 1048576K
}
Event: 1168.868 GC heap before
{Heap before GC invocations=1357 (full 28):
 PSYoungGen      total 3584K, used 3040K [0x00000000eab00000, 0x00000000eb000000, 0x0000000100000000)
  eden space 2560K, 100% used [0x00000000eab00000,0x00000000ead80000,0x00000000ead80000)
  from space 1024K, 46% used [0x00000000ead80000,0x00000000eadf8000,0x00000000eae80000)
  to   space 1024K, 0% used [0x00000000eaf00000,0x00000000eaf00000,0x00000000eb000000)
 ParOldGen       total 148992K, used 107050K [0x00000000c0000000, 0x00000000c9180000, 0x00000000eab00000)
  object space 148992K, 71% used [0x00000000c0000000,0x00000000c688abc8,0x00000000c9180000)
 Metaspace       used 78275K, committed 79360K, reserved 1122304K
  class space    used 7845K, committed 8320K, reserved 1048576K
}
Event: 1168.872 GC heap after
{Heap after GC invocations=1357 (full 28):
 PSYoungGen      total 2560K, used 1021K [0x00000000eab00000, 0x00000000eb300000, 0x0000000100000000)
  eden space 1536K, 0% used [0x00000000eab00000,0x00000000eab00000,0x00000000eac80000)
  from space 1024K, 99% used [0x00000000eaf00000,0x00000000eafff690,0x00000000eb000000)
  to   space 2560K, 0% used [0x00000000eac80000,0x00000000eac80000,0x00000000eaf00000)
 ParOldGen       total 148992K, used 108201K [0x00000000c0000000, 0x00000000c9180000, 0x00000000eab00000)
  object space 148992K, 72% used [0x00000000c0000000,0x00000000c69aa608,0x00000000c9180000)
 Metaspace       used 78275K, committed 79360K, reserved 1122304K
  class space    used 7845K, committed 8320K, reserved 1048576K
}
Event: 1168.883 GC heap before
{Heap before GC invocations=1358 (full 28):
 PSYoungGen      total 2560K, used 2557K [0x00000000eab00000, 0x00000000eb300000, 0x0000000100000000)
  eden space 1536K, 99% used [0x00000000eab00000,0x00000000eac7ffa0,0x00000000eac80000)
  from space 1024K, 99% used [0x00000000eaf00000,0x00000000eafff690,0x00000000eb000000)
  to   space 2560K, 0% used [0x00000000eac80000,0x00000000eac80000,0x00000000eaf00000)
 ParOldGen       total 148992K, used 108201K [0x00000000c0000000, 0x00000000c9180000, 0x00000000eab00000)
  object space 148992K, 72% used [0x00000000c0000000,0x00000000c69aa608,0x00000000c9180000)
 Metaspace       used 78275K, committed 79360K, reserved 1122304K
  class space    used 7845K, committed 8320K, reserved 1048576K
}
Event: 1168.887 GC heap after
{Heap after GC invocations=1358 (full 28):
 PSYoungGen      total 4096K, used 1504K [0x00000000eab00000, 0x00000000eb100000, 0x0000000100000000)
  eden space 1536K, 0% used [0x00000000eab00000,0x00000000eab00000,0x00000000eac80000)
  from space 2560K, 58% used [0x00000000eac80000,0x00000000eadf8000,0x00000000eaf00000)
  to   space 2048K, 0% used [0x00000000eaf00000,0x00000000eaf00000,0x00000000eb100000)
 ParOldGen       total 148992K, used 109247K [0x00000000c0000000, 0x00000000c9180000, 0x00000000eab00000)
  object space 148992K, 73% used [0x00000000c0000000,0x00000000c6aafc98,0x00000000c9180000)
 Metaspace       used 78275K, committed 79360K, reserved 1122304K
  class space    used 7845K, committed 8320K, reserved 1048576K
}
Event: 1168.903 GC heap before
{Heap before GC invocations=1359 (full 28):
 PSYoungGen      total 4096K, used 3040K [0x00000000eab00000, 0x00000000eb100000, 0x0000000100000000)
  eden space 1536K, 100% used [0x00000000eab00000,0x00000000eac80000,0x00000000eac80000)
  from space 2560K, 58% used [0x00000000eac80000,0x00000000eadf8000,0x00000000eaf00000)
  to   space 2048K, 0% used [0x00000000eaf00000,0x00000000eaf00000,0x00000000eb100000)
 ParOldGen       total 148992K, used 109247K [0x00000000c0000000, 0x00000000c9180000, 0x00000000eab00000)
  object space 148992K, 73% used [0x00000000c0000000,0x00000000c6aafc98,0x00000000c9180000)
 Metaspace       used 78275K, committed 79360K, reserved 1122304K
  class space    used 7845K, committed 8320K, reserved 1048576K
}
Event: 1168.909 GC heap after
{Heap after GC invocations=1359 (full 28):
 PSYoungGen      total 3584K, used 1184K [0x00000000eab00000, 0x00000000eb080000, 0x0000000100000000)
  eden space 2048K, 0% used [0x00000000eab00000,0x00000000eab00000,0x00000000ead00000)
  from space 1536K, 77% used [0x00000000eaf00000,0x00000000eb028000,0x00000000eb080000)
  to   space 1536K, 0% used [0x00000000ead80000,0x00000000ead80000,0x00000000eaf00000)
 ParOldGen       total 148992K, used 110631K [0x00000000c0000000, 0x00000000c9180000, 0x00000000eab00000)
  object space 148992K, 74% used [0x00000000c0000000,0x00000000c6c09c98,0x00000000c9180000)
 Metaspace       used 78275K, committed 79360K, reserved 1122304K
  class space    used 7845K, committed 8320K, reserved 1048576K
}
Event: 1168.930 GC heap before
{Heap before GC invocations=1360 (full 28):
 PSYoungGen      total 3584K, used 3232K [0x00000000eab00000, 0x00000000eb080000, 0x0000000100000000)
  eden space 2048K, 100% used [0x00000000eab00000,0x00000000ead00000,0x00000000ead00000)
  from space 1536K, 77% used [0x00000000eaf00000,0x00000000eb028000,0x00000000eb080000)
  to   space 1536K, 0% used [0x00000000ead80000,0x00000000ead80000,0x00000000eaf00000)
 ParOldGen       total 148992K, used 110631K [0x00000000c0000000, 0x00000000c9180000, 0x00000000eab00000)
  object space 148992K, 74% used [0x00000000c0000000,0x00000000c6c09c98,0x00000000c9180000)
 Metaspace       used 78275K, committed 79360K, reserved 1122304K
  class space    used 7845K, committed 8320K, reserved 1048576K
}
Event: 1168.932 GC heap after
{Heap after GC invocations=1360 (full 28):
 PSYoungGen      total 4096K, used 970K [0x00000000eab00000, 0x00000000eb080000, 0x0000000100000000)
  eden space 2560K, 0% used [0x00000000eab00000,0x00000000eab00000,0x00000000ead80000)
  from space 1536K, 63% used [0x00000000ead80000,0x00000000eae72800,0x00000000eaf00000)
  to   space 1536K, 0% used [0x00000000eaf00000,0x00000000eaf00000,0x00000000eb080000)
 ParOldGen       total 148992K, used 111575K [0x00000000c0000000, 0x00000000c9180000, 0x00000000eab00000)
  object space 148992K, 74% used [0x00000000c0000000,0x00000000c6cf5c98,0x00000000c9180000)
 Metaspace       used 78275K, committed 79360K, reserved 1122304K
  class space    used 7845K, committed 8320K, reserved 1048576K
}
Event: 1168.954 GC heap before
{Heap before GC invocations=1361 (full 28):
 PSYoungGen      total 4096K, used 3530K [0x00000000eab00000, 0x00000000eb080000, 0x0000000100000000)
  eden space 2560K, 100% used [0x00000000eab00000,0x00000000ead80000,0x00000000ead80000)
  from space 1536K, 63% used [0x00000000ead80000,0x00000000eae72800,0x00000000eaf00000)
  to   space 1536K, 0% used [0x00000000eaf00000,0x00000000eaf00000,0x00000000eb080000)
 ParOldGen       total 148992K, used 111575K [0x00000000c0000000, 0x00000000c9180000, 0x00000000eab00000)
  object space 148992K, 74% used [0x00000000c0000000,0x00000000c6cf5c98,0x00000000c9180000)
 Metaspace       used 78277K, committed 79360K, reserved 1122304K
  class space    used 7845K, committed 8320K, reserved 1048576K
}
Event: 1168.958 GC heap after
{Heap after GC invocations=1361 (full 28):
 PSYoungGen      total 4096K, used 1072K [0x00000000eab00000, 0x00000000eb100000, 0x0000000100000000)
  eden space 2560K, 0% used [0x00000000eab00000,0x00000000eab00000,0x00000000ead80000)
  from space 1536K, 69% used [0x00000000eaf00000,0x00000000eb00c010,0x00000000eb080000)
  to   space 1536K, 0% used [0x00000000ead80000,0x00000000ead80000,0x00000000eaf00000)
 ParOldGen       total 148992K, used 112362K [0x00000000c0000000, 0x00000000c9180000, 0x00000000eab00000)
  object space 148992K, 75% used [0x00000000c0000000,0x00000000c6dba890,0x00000000c9180000)
 Metaspace       used 78277K, committed 79360K, reserved 1122304K
  class space    used 7845K, committed 8320K, reserved 1048576K
}
Event: 1168.979 GC heap before
{Heap before GC invocations=1362 (full 28):
 PSYoungGen      total 4096K, used 3632K [0x00000000eab00000, 0x00000000eb100000, 0x0000000100000000)
  eden space 2560K, 100% used [0x00000000eab00000,0x00000000ead80000,0x00000000ead80000)
  from space 1536K, 69% used [0x00000000eaf00000,0x00000000eb00c010,0x00000000eb080000)
  to   space 1536K, 0% used [0x00000000ead80000,0x00000000ead80000,0x00000000eaf00000)
 ParOldGen       total 148992K, used 112362K [0x00000000c0000000, 0x00000000c9180000, 0x00000000eab00000)
  object space 148992K, 75% used [0x00000000c0000000,0x00000000c6dba890,0x00000000c9180000)
 Metaspace       used 78277K, committed 79360K, reserved 1122304K
  class space    used 7845K, committed 8320K, reserved 1048576K
}
Event: 1168.982 GC heap after
{Heap after GC invocations=1362 (full 28):
 PSYoungGen      total 4096K, used 880K [0x00000000eab00000, 0x00000000eb000000, 0x0000000100000000)
  eden space 2560K, 0% used [0x00000000eab00000,0x00000000eab00000,0x00000000ead80000)
  from space 1536K, 57% used [0x00000000ead80000,0x00000000eae5c010,0x00000000eaf00000)
  to   space 1024K, 0% used [0x00000000eaf00000,0x00000000eaf00000,0x00000000eb000000)
 ParOldGen       total 148992K, used 113150K [0x00000000c0000000, 0x00000000c9180000, 0x00000000eab00000)
  object space 148992K, 75% used [0x00000000c0000000,0x00000000c6e7f8c0,0x00000000c9180000)
 Metaspace       used 78277K, committed 79360K, reserved 1122304K
  class space    used 7845K, committed 8320K, reserved 1048576K
}
Event: 1168.997 GC heap before
{Heap before GC invocations=1363 (full 28):
 PSYoungGen      total 4096K, used 3078K [0x00000000eab00000, 0x00000000eb000000, 0x0000000100000000)
  eden space 2560K, 85% used [0x00000000eab00000,0x00000000ead25990,0x00000000ead80000)
  from space 1536K, 57% used [0x00000000ead80000,0x00000000eae5c010,0x00000000eaf00000)
  to   space 1024K, 0% used [0x00000000eaf00000,0x00000000eaf00000,0x00000000eb000000)
 ParOldGen       total 148992K, used 113150K [0x00000000c0000000, 0x00000000c9180000, 0x00000000eab00000)
  object space 148992K, 75% used [0x00000000c0000000,0x00000000c6e7f8c0,0x00000000c9180000)
 Metaspace       used 78277K, committed 79360K, reserved 1122304K
  class space    used 7845K, committed 8320K, reserved 1048576K
}
Event: 1168.999 GC heap after
{Heap after GC invocations=1363 (full 28):
 PSYoungGen      total 4096K, used 678K [0x00000000eab00000, 0x00000000eb000000, 0x0000000100000000)
  eden space 3072K, 0% used [0x00000000eab00000,0x00000000eab00000,0x00000000eae00000)
  from space 1024K, 66% used [0x00000000eaf00000,0x00000000eafa9aa0,0x00000000eb000000)
  to   space 1024K, 0% used [0x00000000eae00000,0x00000000eae00000,0x00000000eaf00000)
 ParOldGen       total 148992K, used 113750K [0x00000000c0000000, 0x00000000c9180000, 0x00000000eab00000)
  object space 148992K, 76% used [0x00000000c0000000,0x00000000c6f158c0,0x00000000c9180000)
 Metaspace       used 78277K, committed 79360K, reserved 1122304K
  class space    used 7845K, committed 8320K, reserved 1048576K
}

